[0m14:44:08.427074 [debug] [MainThread]: Sending event: {'category': 'dbt', 'action': 'invocation', 'label': 'start', 'context': [<snowplow_tracker.self_describing_json.SelfDescribingJson object at 0x00000187DB4CD1D0>, <snowplow_tracker.self_describing_json.SelfDescribingJson object at 0x00000187DB1F68D0>, <snowplow_tracker.self_describing_json.SelfDescribingJson object at 0x00000187DB4CC250>]}


============================== 14:44:08.436842 | b18f2750-6440-4603-8ad1-5d866ccc3982 ==============================
[0m14:44:08.436842 [info ] [MainThread]: Running with dbt=1.9.0-rc2
[0m14:44:08.438516 [debug] [MainThread]: running dbt with arguments {'printer_width': '80', 'indirect_selection': 'eager', 'write_json': 'True', 'log_cache_events': 'False', 'partial_parse': 'True', 'cache_selected_only': 'False', 'profiles_dir': 'C:\\Users\\NawalAlMawali\\.dbt', 'version_check': 'True', 'fail_fast': 'False', 'log_path': 'logs', 'debug': 'False', 'warn_error': 'None', 'use_colors': 'True', 'use_experimental_parser': 'False', 'empty': 'None', 'quiet': 'False', 'no_print': 'None', 'log_format': 'default', 'invocation_command': 'dbt init', 'introspect': 'True', 'static_parser': 'True', 'target_path': 'None', 'warn_error_options': 'WarnErrorOptions(include=[], exclude=[])', 'send_anonymous_usage_stats': 'True'}
[0m14:45:09.858729 [debug] [MainThread]: Starter project path: C:\Users\NawalAlMawali\OneDrive - Rihal\MEM Project\mem-dwh\dbt\dbt\Lib\site-packages\dbt\include\starter_project
[0m14:45:09.949293 [info ] [MainThread]: 
Your new dbt project "mem_dwh" was created!

For more information on how to configure the profiles.yml file,
please consult the dbt documentation here:

  https://docs.getdbt.com/docs/configure-your-profile

One more thing:

Need help? Don't hesitate to reach out to us via GitHub issues or on Slack:

  https://community.getdbt.com/

Happy modeling!

[0m14:45:09.950349 [info ] [MainThread]: Setting up your profile.
[0m14:47:32.061679 [info ] [MainThread]: Profile mem_dwh written to C:\Users\NawalAlMawali\.dbt\profiles.yml using target's profile_template.yml and your supplied values. Run 'dbt debug' to validate the connection.
[0m14:47:32.063680 [debug] [MainThread]: Command `dbt init` succeeded at 14:47:32.063680 after 203.78 seconds
[0m14:47:32.064750 [debug] [MainThread]: Sending event: {'category': 'dbt', 'action': 'invocation', 'label': 'end', 'context': [<snowplow_tracker.self_describing_json.SelfDescribingJson object at 0x00000187DA9DAAD0>, <snowplow_tracker.self_describing_json.SelfDescribingJson object at 0x00000187D909F450>, <snowplow_tracker.self_describing_json.SelfDescribingJson object at 0x00000187D5262490>]}
[0m14:47:32.065681 [debug] [MainThread]: Flushing usage events
[0m14:47:33.770811 [debug] [MainThread]: An error was encountered while trying to flush usage events
[0m14:47:44.666765 [debug] [MainThread]: Sending event: {'category': 'dbt', 'action': 'invocation', 'label': 'start', 'context': [<snowplow_tracker.self_describing_json.SelfDescribingJson object at 0x000001D3C644D7D0>, <snowplow_tracker.self_describing_json.SelfDescribingJson object at 0x000001D3C644EC90>, <snowplow_tracker.self_describing_json.SelfDescribingJson object at 0x000001D3C644D4D0>]}


============================== 14:47:44.677767 | 9d5b6e88-3361-46d5-9682-ca36eb9106ba ==============================
[0m14:47:44.677767 [info ] [MainThread]: Running with dbt=1.9.0-rc2
[0m14:47:44.679766 [debug] [MainThread]: running dbt with arguments {'printer_width': '80', 'indirect_selection': 'eager', 'write_json': 'True', 'log_cache_events': 'False', 'partial_parse': 'True', 'cache_selected_only': 'False', 'warn_error': 'None', 'fail_fast': 'False', 'debug': 'False', 'log_path': 'logs', 'version_check': 'True', 'profiles_dir': 'C:\\Users\\NawalAlMawali\\.dbt', 'use_colors': 'True', 'use_experimental_parser': 'False', 'no_print': 'None', 'quiet': 'False', 'empty': 'None', 'log_format': 'default', 'introspect': 'True', 'invocation_command': 'dbt debug', 'static_parser': 'True', 'target_path': 'None', 'warn_error_options': 'WarnErrorOptions(include=[], exclude=[])', 'send_anonymous_usage_stats': 'True'}
[0m14:47:44.723316 [info ] [MainThread]: dbt version: 1.9.0-rc2
[0m14:47:44.724928 [info ] [MainThread]: python version: 3.11.9
[0m14:47:44.726777 [info ] [MainThread]: python path: C:\Users\NawalAlMawali\OneDrive - Rihal\MEM Project\mem-dwh\dbt\dbt\Scripts\python.exe
[0m14:47:44.728949 [info ] [MainThread]: os info: Windows-10-10.0.19045-SP0
[0m14:47:44.866970 [info ] [MainThread]: Using profiles dir at C:\Users\NawalAlMawali\.dbt
[0m14:47:44.867972 [info ] [MainThread]: Using profiles.yml file at C:\Users\NawalAlMawali\.dbt\profiles.yml
[0m14:47:44.869978 [info ] [MainThread]: Using dbt_project.yml file at C:\Users\NawalAlMawali\OneDrive - Rihal\MEM Project\mem-dwh\dbt\dbt\Scripts\dbt_project.yml
[0m14:47:44.870973 [info ] [MainThread]: Configuration:
[0m14:47:44.873038 [info ] [MainThread]:   profiles.yml file [[31mERROR invalid[0m]
[0m14:47:44.875089 [info ] [MainThread]:   dbt_project.yml file [[31mERROR not found[0m]
[0m14:47:44.876505 [info ] [MainThread]: Required dependencies:
[0m14:47:44.877599 [debug] [MainThread]: Executing "git --help"
[0m14:47:44.953604 [debug] [MainThread]: STDOUT: "b"usage: git [-v | --version] [-h | --help] [-C <path>] [-c <name>=<value>]\n           [--exec-path[=<path>]] [--html-path] [--man-path] [--info-path]\n           [-p | --paginate | -P | --no-pager] [--no-replace-objects] [--bare]\n           [--git-dir=<path>] [--work-tree=<path>] [--namespace=<name>]\n           [--config-env=<name>=<envvar>] <command> [<args>]\n\nThese are common Git commands used in various situations:\n\nstart a working area (see also: git help tutorial)\n   clone     Clone a repository into a new directory\n   init      Create an empty Git repository or reinitialize an existing one\n\nwork on the current change (see also: git help everyday)\n   add       Add file contents to the index\n   mv        Move or rename a file, a directory, or a symlink\n   restore   Restore working tree files\n   rm        Remove files from the working tree and from the index\n\nexamine the history and state (see also: git help revisions)\n   bisect    Use binary search to find the commit that introduced a bug\n   diff      Show changes between commits, commit and working tree, etc\n   grep      Print lines matching a pattern\n   log       Show commit logs\n   show      Show various types of objects\n   status    Show the working tree status\n\ngrow, mark and tweak your common history\n   branch    List, create, or delete branches\n   commit    Record changes to the repository\n   merge     Join two or more development histories together\n   rebase    Reapply commits on top of another base tip\n   reset     Reset current HEAD to the specified state\n   switch    Switch branches\n   tag       Create, list, delete or verify a tag object signed with GPG\n\ncollaborate (see also: git help workflows)\n   fetch     Download objects and refs from another repository\n   pull      Fetch from and integrate with another repository or a local branch\n   push      Update remote refs along with associated objects\n\n'git help -a' and 'git help -g' list available subcommands and some\nconcept guides. See 'git help <command>' or 'git help <concept>'\nto read about a specific subcommand or concept.\nSee 'git help git' for an overview of the system.\n""
[0m14:47:44.954601 [debug] [MainThread]: STDERR: "b''"
[0m14:47:44.956597 [info ] [MainThread]:  - git [[32mOK found[0m]

[0m14:47:44.957598 [info ] [MainThread]: Connection test skipped since no profile was found
[0m14:47:44.959726 [info ] [MainThread]: [31m2 checks failed:[0m
[0m14:47:44.961599 [info ] [MainThread]: Could not load dbt_project.yml
Profile loading failed for the following reason:
Runtime Error
  Credentials in profile "dbt_demo", target "dev" invalid: ['dbname'] is not of type 'string'


[0m14:47:44.962603 [info ] [MainThread]: Project loading failed for the following reason:
 project path <C:\Users\NawalAlMawali\OneDrive - Rihal\MEM Project\mem-dwh\dbt\dbt\Scripts\dbt_project.yml> not found

[0m14:47:44.966604 [debug] [MainThread]: Command `dbt debug` failed at 14:47:44.965598 after 0.47 seconds
[0m14:47:44.967689 [debug] [MainThread]: Sending event: {'category': 'dbt', 'action': 'invocation', 'label': 'end', 'context': [<snowplow_tracker.self_describing_json.SelfDescribingJson object at 0x000001D3C6432A50>, <snowplow_tracker.self_describing_json.SelfDescribingJson object at 0x000001D3C00F62D0>, <snowplow_tracker.self_describing_json.SelfDescribingJson object at 0x000001D3BFEB4510>]}
[0m14:47:44.968597 [debug] [MainThread]: Flushing usage events
[0m14:47:45.822244 [debug] [MainThread]: An error was encountered while trying to flush usage events
